Analysis & Synthesis report for EECS3216_Project
Wed Apr 13 15:07:58 2022
Quartus Prime Version 20.1.0 Build 711 06/05/2020 SJ Lite Edition


---------------------
; Table of Contents ;
---------------------
  1. Legal Notice
  2. Analysis & Synthesis Summary
  3. Analysis & Synthesis Settings
  4. Parallel Compilation
  5. Analysis & Synthesis Source Files Read
  6. Analysis & Synthesis Resource Usage Summary
  7. Analysis & Synthesis Resource Utilization by Entity
  8. User-Specified and Inferred Latches
  9. Registers Removed During Synthesis
 10. Removed Registers Triggering Further Register Optimizations
 11. General Register Statistics
 12. Inverted Register Statistics
 13. Multiplexer Restructuring Statistics (Restructuring Performed)
 14. Parameter Settings for User Entity Instance: Top-level Entity: |EECS3216_Project
 15. Post-Synthesis Netlist Statistics for Top Partition
 16. Elapsed Time Per Partition
 17. Analysis & Synthesis Messages
 18. Analysis & Synthesis Suppressed Messages



----------------
; Legal Notice ;
----------------
Copyright (C) 2020  Intel Corporation. All rights reserved.
Your use of Intel Corporation's design tools, logic functions 
and other software and tools, and any partner logic 
functions, and any output files from any of the foregoing 
(including device programming or simulation files), and any 
associated documentation or information are expressly subject 
to the terms and conditions of the Intel Program License 
Subscription Agreement, the Intel Quartus Prime License Agreement,
the Intel FPGA IP License Agreement, or other applicable license
agreement, including, without limitation, that your use is for
the sole purpose of programming logic devices manufactured by
Intel and sold by Intel or its authorized distributors.  Please
refer to the applicable agreement for further details, at
https://fpgasoftware.intel.com/eula.



+----------------------------------------------------------------------------------+
; Analysis & Synthesis Summary                                                     ;
+------------------------------------+---------------------------------------------+
; Analysis & Synthesis Status        ; Successful - Wed Apr 13 15:07:58 2022       ;
; Quartus Prime Version              ; 20.1.0 Build 711 06/05/2020 SJ Lite Edition ;
; Revision Name                      ; EECS3216_Project                            ;
; Top-level Entity Name              ; EECS3216_Project                            ;
; Family                             ; MAX 10                                      ;
; Total logic elements               ; 412                                         ;
;     Total combinational functions  ; 412                                         ;
;     Dedicated logic registers      ; 120                                         ;
; Total registers                    ; 120                                         ;
; Total pins                         ; 55                                          ;
; Total virtual pins                 ; 0                                           ;
; Total memory bits                  ; 0                                           ;
; Embedded Multiplier 9-bit elements ; 0                                           ;
; Total PLLs                         ; 0                                           ;
; UFM blocks                         ; 0                                           ;
; ADC blocks                         ; 0                                           ;
+------------------------------------+---------------------------------------------+


+------------------------------------------------------------------------------------------------------------+
; Analysis & Synthesis Settings                                                                              ;
+------------------------------------------------------------------+--------------------+--------------------+
; Option                                                           ; Setting            ; Default Value      ;
+------------------------------------------------------------------+--------------------+--------------------+
; Device                                                           ; 10M50DAF484C6GES   ;                    ;
; Top-level entity name                                            ; EECS3216_Project   ; EECS3216_Project   ;
; Family name                                                      ; MAX 10             ; Cyclone V          ;
; Use smart compilation                                            ; Off                ; Off                ;
; Enable parallel Assembler and Timing Analyzer during compilation ; On                 ; On                 ;
; Enable compact report table                                      ; Off                ; Off                ;
; Restructure Multiplexers                                         ; Auto               ; Auto               ;
; Create Debugging Nodes for IP Cores                              ; Off                ; Off                ;
; Preserve fewer node names                                        ; On                 ; On                 ;
; Intel FPGA IP Evaluation Mode                                    ; Enable             ; Enable             ;
; Verilog Version                                                  ; Verilog_2001       ; Verilog_2001       ;
; VHDL Version                                                     ; VHDL_1993          ; VHDL_1993          ;
; State Machine Processing                                         ; Auto               ; Auto               ;
; Safe State Machine                                               ; Off                ; Off                ;
; Extract Verilog State Machines                                   ; On                 ; On                 ;
; Extract VHDL State Machines                                      ; On                 ; On                 ;
; Ignore Verilog initial constructs                                ; Off                ; Off                ;
; Iteration limit for constant Verilog loops                       ; 5000               ; 5000               ;
; Iteration limit for non-constant Verilog loops                   ; 250                ; 250                ;
; Add Pass-Through Logic to Inferred RAMs                          ; On                 ; On                 ;
; Infer RAMs from Raw Logic                                        ; On                 ; On                 ;
; Parallel Synthesis                                               ; On                 ; On                 ;
; DSP Block Balancing                                              ; Auto               ; Auto               ;
; NOT Gate Push-Back                                               ; On                 ; On                 ;
; Power-Up Don't Care                                              ; On                 ; On                 ;
; Remove Redundant Logic Cells                                     ; Off                ; Off                ;
; Remove Duplicate Registers                                       ; On                 ; On                 ;
; Ignore CARRY Buffers                                             ; Off                ; Off                ;
; Ignore CASCADE Buffers                                           ; Off                ; Off                ;
; Ignore GLOBAL Buffers                                            ; Off                ; Off                ;
; Ignore ROW GLOBAL Buffers                                        ; Off                ; Off                ;
; Ignore LCELL Buffers                                             ; Off                ; Off                ;
; Ignore SOFT Buffers                                              ; On                 ; On                 ;
; Limit AHDL Integers to 32 Bits                                   ; Off                ; Off                ;
; Optimization Technique                                           ; Balanced           ; Balanced           ;
; Carry Chain Length                                               ; 70                 ; 70                 ;
; Auto Carry Chains                                                ; On                 ; On                 ;
; Auto Open-Drain Pins                                             ; On                 ; On                 ;
; Perform WYSIWYG Primitive Resynthesis                            ; Off                ; Off                ;
; Auto ROM Replacement                                             ; On                 ; On                 ;
; Auto RAM Replacement                                             ; On                 ; On                 ;
; Auto DSP Block Replacement                                       ; On                 ; On                 ;
; Auto Shift Register Replacement                                  ; Auto               ; Auto               ;
; Allow Shift Register Merging across Hierarchies                  ; Auto               ; Auto               ;
; Auto Clock Enable Replacement                                    ; On                 ; On                 ;
; Strict RAM Replacement                                           ; Off                ; Off                ;
; Allow Synchronous Control Signals                                ; On                 ; On                 ;
; Force Use of Synchronous Clear Signals                           ; Off                ; Off                ;
; Auto RAM Block Balancing                                         ; On                 ; On                 ;
; Auto RAM to Logic Cell Conversion                                ; Off                ; Off                ;
; Auto Resource Sharing                                            ; Off                ; Off                ;
; Allow Any RAM Size For Recognition                               ; Off                ; Off                ;
; Allow Any ROM Size For Recognition                               ; Off                ; Off                ;
; Allow Any Shift Register Size For Recognition                    ; Off                ; Off                ;
; Use LogicLock Constraints during Resource Balancing              ; On                 ; On                 ;
; Ignore translate_off and synthesis_off directives                ; Off                ; Off                ;
; Timing-Driven Synthesis                                          ; On                 ; On                 ;
; Report Parameter Settings                                        ; On                 ; On                 ;
; Report Source Assignments                                        ; On                 ; On                 ;
; Report Connectivity Checks                                       ; On                 ; On                 ;
; Ignore Maximum Fan-Out Assignments                               ; Off                ; Off                ;
; Synchronization Register Chain Length                            ; 2                  ; 2                  ;
; Power Optimization During Synthesis                              ; Normal compilation ; Normal compilation ;
; HDL message level                                                ; Level2             ; Level2             ;
; Suppress Register Optimization Related Messages                  ; Off                ; Off                ;
; Number of Removed Registers Reported in Synthesis Report         ; 5000               ; 5000               ;
; Number of Swept Nodes Reported in Synthesis Report               ; 5000               ; 5000               ;
; Number of Inverted Registers Reported in Synthesis Report        ; 100                ; 100                ;
; Clock MUX Protection                                             ; On                 ; On                 ;
; Auto Gated Clock Conversion                                      ; Off                ; Off                ;
; Block Design Naming                                              ; Auto               ; Auto               ;
; SDC constraint protection                                        ; Off                ; Off                ;
; Synthesis Effort                                                 ; Auto               ; Auto               ;
; Shift Register Replacement - Allow Asynchronous Clear Signal     ; On                 ; On                 ;
; Pre-Mapping Resynthesis Optimization                             ; Off                ; Off                ;
; Analysis & Synthesis Message Level                               ; Medium             ; Medium             ;
; Disable Register Merging Across Hierarchies                      ; Auto               ; Auto               ;
; Resource Aware Inference For Block RAM                           ; On                 ; On                 ;
+------------------------------------------------------------------+--------------------+--------------------+


+------------------------------------------+
; Parallel Compilation                     ;
+----------------------------+-------------+
; Processors                 ; Number      ;
+----------------------------+-------------+
; Number detected on machine ; 8           ;
; Maximum allowed            ; 4           ;
;                            ;             ;
; Average used               ; 1.00        ;
; Maximum used               ; 4           ;
;                            ;             ;
; Usage by Processor         ; % Time Used ;
;     Processor 1            ; 100.0%      ;
;     Processor 2            ;   0.0%      ;
;     Processors 3-4         ;   0.0%      ;
+----------------------------+-------------+


+----------------------------------------------------------------------------------------------------------------------------------------------------+
; Analysis & Synthesis Source Files Read                                                                                                             ;
+----------------------------------+-----------------+------------------------------+------------------------------------------------------+---------+
; File Name with User-Entered Path ; Used in Netlist ; File Type                    ; File Name with Absolute Path                         ; Library ;
+----------------------------------+-----------------+------------------------------+------------------------------------------------------+---------+
; EECS3216_Project.sv              ; yes             ; User SystemVerilog HDL File  ; C:/Users/randy/Downloads/Project/EECS3216_Project.sv ;         ;
+----------------------------------+-----------------+------------------------------+------------------------------------------------------+---------+


+-------------------------------------------------------------------+
; Analysis & Synthesis Resource Usage Summary                       ;
+---------------------------------------------+---------------------+
; Resource                                    ; Usage               ;
+---------------------------------------------+---------------------+
; Estimated Total logic elements              ; 412                 ;
;                                             ;                     ;
; Total combinational functions               ; 412                 ;
; Logic element usage by number of LUT inputs ;                     ;
;     -- 4 input functions                    ; 159                 ;
;     -- 3 input functions                    ; 74                  ;
;     -- <=2 input functions                  ; 179                 ;
;                                             ;                     ;
; Logic elements by mode                      ;                     ;
;     -- normal mode                          ; 286                 ;
;     -- arithmetic mode                      ; 126                 ;
;                                             ;                     ;
; Total registers                             ; 120                 ;
;     -- Dedicated logic registers            ; 120                 ;
;     -- I/O registers                        ; 0                   ;
;                                             ;                     ;
; I/O pins                                    ; 55                  ;
;                                             ;                     ;
; Embedded Multiplier 9-bit elements          ; 0                   ;
;                                             ;                     ;
; Maximum fan-out node                        ; MAX10_CLK1_50~input ;
; Maximum fan-out                             ; 120                 ;
; Total fan-out                               ; 1629                ;
; Average fan-out                             ; 2.54                ;
+---------------------------------------------+---------------------+


+-----------------------------------------------------------------------------------------------------------------------------------------------------------------------------------------------------------------------------------------+
; Analysis & Synthesis Resource Utilization by Entity                                                                                                                                                                                     ;
+----------------------------+---------------------+---------------------------+-------------+------------+--------------+---------+-----------+------+--------------+------------+---------------------+------------------+--------------+
; Compilation Hierarchy Node ; Combinational ALUTs ; Dedicated Logic Registers ; Memory Bits ; UFM Blocks ; DSP Elements ; DSP 9x9 ; DSP 18x18 ; Pins ; Virtual Pins ; ADC blocks ; Full Hierarchy Name ; Entity Name      ; Library Name ;
+----------------------------+---------------------+---------------------------+-------------+------------+--------------+---------+-----------+------+--------------+------------+---------------------+------------------+--------------+
; |EECS3216_Project          ; 412 (412)           ; 120 (120)                 ; 0           ; 0          ; 0            ; 0       ; 0         ; 55   ; 0            ; 0          ; |EECS3216_Project   ; EECS3216_Project ; work         ;
+----------------------------+---------------------+---------------------------+-------------+------------+--------------+---------+-----------+------+--------------+------------+---------------------+------------------+--------------+
Note: For table entries with two numbers listed, the numbers in parentheses indicate the number of resources of the given type used by the specific entity alone. The numbers listed outside of parentheses indicate the total resources of the given type used by the specific entity and all of its sub-entities in the hierarchy.


+---------------------------------------------------------------------------------------------------+
; User-Specified and Inferred Latches                                                               ;
+----------------------------------------------------+---------------------+------------------------+
; Latch Name                                         ; Latch Enable Signal ; Free of Timing Hazards ;
+----------------------------------------------------+---------------------+------------------------+
; NextState[0]                                       ; Selector1           ; yes                    ;
; NextState[1]                                       ; Selector1           ; yes                    ;
; NextState[2]                                       ; Selector1           ; yes                    ;
; Number of user-specified and inferred latches = 3  ;                     ;                        ;
+----------------------------------------------------+---------------------+------------------------+
Note: All latches listed above may not be present at the end of synthesis due to various synthesis optimizations.


+---------------------------------------------------------------------------------+
; Registers Removed During Synthesis                                              ;
+----------------------------------------+----------------------------------------+
; Register name                          ; Reason for Removal                     ;
+----------------------------------------+----------------------------------------+
; State[3..31]                           ; Stuck at GND due to stuck port data_in ;
; HEX1[1]~reg0                           ; Merged with HEX0[1]~reg0               ;
; HEX1[4]~reg0                           ; Merged with HEX0[1]~reg0               ;
; HEX2[6]~reg0                           ; Merged with HEX0[1]~reg0               ;
; HEX0[6]~reg0                           ; Merged with HEX0[3]~reg0               ;
; HEX1[0]~reg0                           ; Merged with HEX0[5]~reg0               ;
; HEX1[5]~reg0                           ; Merged with HEX0[5]~reg0               ;
; HEX2[1]~reg0                           ; Merged with HEX0[5]~reg0               ;
; HEX2[2]~reg0                           ; Merged with HEX0[5]~reg0               ;
; HEX1[6]~reg0                           ; Merged with HEX1[2]~reg0               ;
; HEX2[3]~reg0                           ; Merged with HEX1[2]~reg0               ;
; HEX2[5]~reg0                           ; Merged with HEX1[2]~reg0               ;
; HEX2[0]~reg0                           ; Merged with HEX1[3]~reg0               ;
; HEX2[4]~reg0                           ; Merged with HEX1[3]~reg0               ;
; HEX3[3]~reg0                           ; Merged with HEX1[3]~reg0               ;
; HEX3[4]~reg0                           ; Merged with HEX1[3]~reg0               ;
; HEX3[5]~reg0                           ; Merged with HEX1[3]~reg0               ;
; HEX3[6]~reg0                           ; Merged with HEX3[0]~reg0               ;
; HEX4[0]~reg0                           ; Merged with HEX3[0]~reg0               ;
; HEX4[1]~reg0                           ; Merged with HEX3[0]~reg0               ;
; HEX4[4]~reg0                           ; Merged with HEX3[0]~reg0               ;
; HEX4[5]~reg0                           ; Merged with HEX3[0]~reg0               ;
; HEX4[6]~reg0                           ; Merged with HEX3[0]~reg0               ;
; HEX5[0]~reg0                           ; Merged with HEX3[0]~reg0               ;
; HEX5[2]~reg0                           ; Merged with HEX3[0]~reg0               ;
; HEX5[3]~reg0                           ; Merged with HEX3[0]~reg0               ;
; HEX5[5]~reg0                           ; Merged with HEX3[0]~reg0               ;
; HEX5[6]~reg0                           ; Merged with HEX3[0]~reg0               ;
; HEX3[2]~reg0                           ; Merged with HEX3[1]~reg0               ;
; HEX4[2]~reg0                           ; Merged with HEX3[1]~reg0               ;
; HEX4[3]~reg0                           ; Merged with HEX3[1]~reg0               ;
; HEX5[1]~reg0                           ; Merged with HEX3[1]~reg0               ;
; HEX5[4]~reg0                           ; Merged with HEX3[1]~reg0               ;
; D[1..4,8,9,26..31]                     ; Merged with D[0]                       ;
; D[5]                                   ; Merged with D[10]                      ;
; D[6,24]                                ; Merged with D[16]                      ;
; D[7]                                   ; Merged with D[25]                      ;
; D[18]                                  ; Merged with D[11]                      ;
; D[13,19..21]                           ; Merged with D[12]                      ;
; D[22]                                  ; Merged with D[14]                      ;
; D[17,23]                               ; Merged with D[15]                      ;
; D[0]                                   ; Stuck at GND due to stuck port data_in ;
; D[12]                                  ; Stuck at VCC due to stuck port data_in ;
; HEX3[1]~reg0                           ; Stuck at VCC due to stuck port data_in ;
; counter[26..31]                        ; Stuck at GND due to stuck port data_in ;
; Total Number of Removed Registers = 94 ;                                        ;
+----------------------------------------+----------------------------------------+


+-----------------------------------------------------------------------------------------------------------------------------------------+
; Removed Registers Triggering Further Register Optimizations                                                                             ;
+---------------+---------------------------+---------------------------------------------------------------------------------------------+
; Register name ; Reason for Removal        ; Registers Removed due to This Register                                                      ;
+---------------+---------------------------+---------------------------------------------------------------------------------------------+
; State[3]      ; Stuck at GND              ; D[0], D[12], HEX3[1]~reg0, counter[26], counter[27], counter[28], counter[29], counter[30], ;
;               ; due to stuck port data_in ; counter[31]                                                                                 ;
+---------------+---------------------------+---------------------------------------------------------------------------------------------+


+------------------------------------------------------+
; General Register Statistics                          ;
+----------------------------------------------+-------+
; Statistic                                    ; Value ;
+----------------------------------------------+-------+
; Total registers                              ; 120   ;
; Number of registers using Synchronous Clear  ; 0     ;
; Number of registers using Synchronous Load   ; 6     ;
; Number of registers using Asynchronous Clear ; 0     ;
; Number of registers using Asynchronous Load  ; 0     ;
; Number of registers using Clock Enable       ; 70    ;
; Number of registers using Preset             ; 0     ;
+----------------------------------------------+-------+


+---------------------------------------------------+
; Inverted Register Statistics                      ;
+-----------------------------------------+---------+
; Inverted Register                       ; Fan out ;
+-----------------------------------------+---------+
; HEX0[0]~reg0                            ; 1       ;
; HEX0[1]~reg0                            ; 4       ;
; HEX0[2]~reg0                            ; 1       ;
; HEX0[3]~reg0                            ; 2       ;
; HEX0[4]~reg0                            ; 1       ;
; HEX0[5]~reg0                            ; 5       ;
; HEX1[2]~reg0                            ; 4       ;
; HEX1[3]~reg0                            ; 6       ;
; HEX3[0]~reg0                            ; 12      ;
; blink                                   ; 6       ;
; D[14]                                   ; 1       ;
; D[15]                                   ; 1       ;
; D[25]                                   ; 1       ;
; toggle                                  ; 2       ;
; gameSpeed[0]                            ; 8       ;
; Total number of inverted registers = 15 ;         ;
+-----------------------------------------+---------+


+-------------------------------------------------------------------------------------------------------------------------------------------------+
; Multiplexer Restructuring Statistics (Restructuring Performed)                                                                                  ;
+--------------------+-----------+---------------+----------------------+------------------------+------------+-----------------------------------+
; Multiplexer Inputs ; Bus Width ; Baseline Area ; Area if Restructured ; Saving if Restructured ; Registered ; Example Multiplexer Output        ;
+--------------------+-----------+---------------+----------------------+------------------------+------------+-----------------------------------+
; 4:1                ; 31 bits   ; 62 LEs        ; 31 LEs               ; 31 LEs                 ; Yes        ; |EECS3216_Project|gameSpeed[17]   ;
; 8:1                ; 32 bits   ; 160 LEs       ; 128 LEs              ; 32 LEs                 ; Yes        ; |EECS3216_Project|lightPattern[5] ;
; 7:1                ; 10 bits   ; 40 LEs        ; 40 LEs               ; 0 LEs                  ; Yes        ; |EECS3216_Project|HEX0[1]~reg0    ;
; 8:1                ; 6 bits    ; 30 LEs        ; 12 LEs               ; 18 LEs                 ; No         ; |EECS3216_Project|D               ;
+--------------------+-----------+---------------+----------------------+------------------------+------------+-----------------------------------+


+----------------------------------------------------------------------------------+
; Parameter Settings for User Entity Instance: Top-level Entity: |EECS3216_Project ;
+----------------+-------+---------------------------------------------------------+
; Parameter Name ; Value ; Type                                                    ;
+----------------+-------+---------------------------------------------------------+
; TRUE           ; 1     ; Unsigned Binary                                         ;
; FALSE          ; 0     ; Unsigned Binary                                         ;
; ON             ; 1     ; Unsigned Binary                                         ;
; OFF            ; 0     ; Unsigned Binary                                         ;
+----------------+-------+---------------------------------------------------------+
Note: In order to hide this table in the UI and the text report file, please set the "Show Parameter Settings in Synthesis Report" option in "Analysis and Synthesis Settings -> More Settings" to "Off".


+-----------------------------------------------------+
; Post-Synthesis Netlist Statistics for Top Partition ;
+-----------------------+-----------------------------+
; Type                  ; Count                       ;
+-----------------------+-----------------------------+
; boundary_port         ; 55                          ;
; cycloneiii_ff         ; 120                         ;
;     ENA               ; 70                          ;
;     SLD               ; 6                           ;
;     plain             ; 44                          ;
; cycloneiii_lcell_comb ; 422                         ;
;     arith             ; 126                         ;
;         1 data inputs ; 2                           ;
;         2 data inputs ; 124                         ;
;     normal            ; 296                         ;
;         0 data inputs ; 3                           ;
;         1 data inputs ; 13                          ;
;         2 data inputs ; 47                          ;
;         3 data inputs ; 74                          ;
;         4 data inputs ; 159                         ;
;                       ;                             ;
; Max LUT depth         ; 13.30                       ;
; Average LUT depth     ; 8.17                        ;
+-----------------------+-----------------------------+


+-------------------------------+
; Elapsed Time Per Partition    ;
+----------------+--------------+
; Partition Name ; Elapsed Time ;
+----------------+--------------+
; Top            ; 00:00:01     ;
+----------------+--------------+


+-------------------------------+
; Analysis & Synthesis Messages ;
+-------------------------------+
Info: *******************************************************************
Info: Running Quartus Prime Analysis & Synthesis
    Info: Version 20.1.0 Build 711 06/05/2020 SJ Lite Edition
    Info: Processing started: Wed Apr 13 15:07:42 2022
Info: Command: quartus_map --read_settings_files=on --write_settings_files=off EECS3216_Project -c EECS3216_Project
Warning (18236): Number of processors has not been specified which may cause overloading on shared machines.  Set the global assignment NUM_PARALLEL_PROCESSORS in your QSF to an appropriate value for best performance.
Info (20030): Parallel compilation is enabled and will use 4 of the 4 processors detected
Info (12021): Found 1 design units, including 1 entities, in source file eecs3216_project.sv
    Info (12023): Found entity 1: EECS3216_Project File: C:/Users/randy/Downloads/Project/EECS3216_Project.sv Line: 1
Info (12127): Elaborating entity "EECS3216_Project" for the top level hierarchy
Warning (10235): Verilog HDL Always Construct warning at EECS3216_Project.sv(163): variable "State" is read inside the Always Construct but isn't in the Always Construct's Event Control File: C:/Users/randy/Downloads/Project/EECS3216_Project.sv Line: 163
Warning (10270): Verilog HDL Case Statement warning at EECS3216_Project.sv(163): incomplete case statement has no default case item File: C:/Users/randy/Downloads/Project/EECS3216_Project.sv Line: 163
Warning (10240): Verilog HDL Always Construct warning at EECS3216_Project.sv(161): inferring latch(es) for variable "NextState", which holds its previous value in one or more paths through the always construct File: C:/Users/randy/Downloads/Project/EECS3216_Project.sv Line: 161
Info (10041): Inferred latch for "NextState[0]" at EECS3216_Project.sv(161) File: C:/Users/randy/Downloads/Project/EECS3216_Project.sv Line: 161
Info (10041): Inferred latch for "NextState[1]" at EECS3216_Project.sv(161) File: C:/Users/randy/Downloads/Project/EECS3216_Project.sv Line: 161
Info (10041): Inferred latch for "NextState[2]" at EECS3216_Project.sv(161) File: C:/Users/randy/Downloads/Project/EECS3216_Project.sv Line: 161
Info (10041): Inferred latch for "NextState[3]" at EECS3216_Project.sv(161) File: C:/Users/randy/Downloads/Project/EECS3216_Project.sv Line: 161
Info (10041): Inferred latch for "NextState[4]" at EECS3216_Project.sv(161) File: C:/Users/randy/Downloads/Project/EECS3216_Project.sv Line: 161
Info (10041): Inferred latch for "NextState[5]" at EECS3216_Project.sv(161) File: C:/Users/randy/Downloads/Project/EECS3216_Project.sv Line: 161
Info (10041): Inferred latch for "NextState[6]" at EECS3216_Project.sv(161) File: C:/Users/randy/Downloads/Project/EECS3216_Project.sv Line: 161
Info (10041): Inferred latch for "NextState[7]" at EECS3216_Project.sv(161) File: C:/Users/randy/Downloads/Project/EECS3216_Project.sv Line: 161
Info (10041): Inferred latch for "NextState[8]" at EECS3216_Project.sv(161) File: C:/Users/randy/Downloads/Project/EECS3216_Project.sv Line: 161
Info (10041): Inferred latch for "NextState[9]" at EECS3216_Project.sv(161) File: C:/Users/randy/Downloads/Project/EECS3216_Project.sv Line: 161
Info (10041): Inferred latch for "NextState[10]" at EECS3216_Project.sv(161) File: C:/Users/randy/Downloads/Project/EECS3216_Project.sv Line: 161
Info (10041): Inferred latch for "NextState[11]" at EECS3216_Project.sv(161) File: C:/Users/randy/Downloads/Project/EECS3216_Project.sv Line: 161
Info (10041): Inferred latch for "NextState[12]" at EECS3216_Project.sv(161) File: C:/Users/randy/Downloads/Project/EECS3216_Project.sv Line: 161
Info (10041): Inferred latch for "NextState[13]" at EECS3216_Project.sv(161) File: C:/Users/randy/Downloads/Project/EECS3216_Project.sv Line: 161
Info (10041): Inferred latch for "NextState[14]" at EECS3216_Project.sv(161) File: C:/Users/randy/Downloads/Project/EECS3216_Project.sv Line: 161
Info (10041): Inferred latch for "NextState[15]" at EECS3216_Project.sv(161) File: C:/Users/randy/Downloads/Project/EECS3216_Project.sv Line: 161
Info (10041): Inferred latch for "NextState[16]" at EECS3216_Project.sv(161) File: C:/Users/randy/Downloads/Project/EECS3216_Project.sv Line: 161
Info (10041): Inferred latch for "NextState[17]" at EECS3216_Project.sv(161) File: C:/Users/randy/Downloads/Project/EECS3216_Project.sv Line: 161
Info (10041): Inferred latch for "NextState[18]" at EECS3216_Project.sv(161) File: C:/Users/randy/Downloads/Project/EECS3216_Project.sv Line: 161
Info (10041): Inferred latch for "NextState[19]" at EECS3216_Project.sv(161) File: C:/Users/randy/Downloads/Project/EECS3216_Project.sv Line: 161
Info (10041): Inferred latch for "NextState[20]" at EECS3216_Project.sv(161) File: C:/Users/randy/Downloads/Project/EECS3216_Project.sv Line: 161
Info (10041): Inferred latch for "NextState[21]" at EECS3216_Project.sv(161) File: C:/Users/randy/Downloads/Project/EECS3216_Project.sv Line: 161
Info (10041): Inferred latch for "NextState[22]" at EECS3216_Project.sv(161) File: C:/Users/randy/Downloads/Project/EECS3216_Project.sv Line: 161
Info (10041): Inferred latch for "NextState[23]" at EECS3216_Project.sv(161) File: C:/Users/randy/Downloads/Project/EECS3216_Project.sv Line: 161
Info (10041): Inferred latch for "NextState[24]" at EECS3216_Project.sv(161) File: C:/Users/randy/Downloads/Project/EECS3216_Project.sv Line: 161
Info (10041): Inferred latch for "NextState[25]" at EECS3216_Project.sv(161) File: C:/Users/randy/Downloads/Project/EECS3216_Project.sv Line: 161
Info (10041): Inferred latch for "NextState[26]" at EECS3216_Project.sv(161) File: C:/Users/randy/Downloads/Project/EECS3216_Project.sv Line: 161
Info (10041): Inferred latch for "NextState[27]" at EECS3216_Project.sv(161) File: C:/Users/randy/Downloads/Project/EECS3216_Project.sv Line: 161
Info (10041): Inferred latch for "NextState[28]" at EECS3216_Project.sv(161) File: C:/Users/randy/Downloads/Project/EECS3216_Project.sv Line: 161
Info (10041): Inferred latch for "NextState[29]" at EECS3216_Project.sv(161) File: C:/Users/randy/Downloads/Project/EECS3216_Project.sv Line: 161
Info (10041): Inferred latch for "NextState[30]" at EECS3216_Project.sv(161) File: C:/Users/randy/Downloads/Project/EECS3216_Project.sv Line: 161
Info (10041): Inferred latch for "NextState[31]" at EECS3216_Project.sv(161) File: C:/Users/randy/Downloads/Project/EECS3216_Project.sv Line: 161
Warning (13012): Latch NextState[0] has unsafe behavior File: C:/Users/randy/Downloads/Project/EECS3216_Project.sv Line: 161
    Warning (13013): Ports D and ENA on the latch are fed by the same signal State[2] File: C:/Users/randy/Downloads/Project/EECS3216_Project.sv Line: 28
Warning (13012): Latch NextState[1] has unsafe behavior File: C:/Users/randy/Downloads/Project/EECS3216_Project.sv Line: 161
    Warning (13013): Ports D and ENA on the latch are fed by the same signal State[1] File: C:/Users/randy/Downloads/Project/EECS3216_Project.sv Line: 28
Warning (13012): Latch NextState[2] has unsafe behavior File: C:/Users/randy/Downloads/Project/EECS3216_Project.sv Line: 161
    Warning (13013): Ports D and ENA on the latch are fed by the same signal State[1] File: C:/Users/randy/Downloads/Project/EECS3216_Project.sv Line: 28
Warning (13024): Output pins are stuck at VCC or GND
    Warning (13410): Pin "HEX3[1]" is stuck at VCC File: C:/Users/randy/Downloads/Project/EECS3216_Project.sv Line: 28
    Warning (13410): Pin "HEX3[2]" is stuck at VCC File: C:/Users/randy/Downloads/Project/EECS3216_Project.sv Line: 28
    Warning (13410): Pin "HEX4[2]" is stuck at VCC File: C:/Users/randy/Downloads/Project/EECS3216_Project.sv Line: 28
    Warning (13410): Pin "HEX4[3]" is stuck at VCC File: C:/Users/randy/Downloads/Project/EECS3216_Project.sv Line: 28
    Warning (13410): Pin "HEX5[1]" is stuck at VCC File: C:/Users/randy/Downloads/Project/EECS3216_Project.sv Line: 28
    Warning (13410): Pin "HEX5[4]" is stuck at VCC File: C:/Users/randy/Downloads/Project/EECS3216_Project.sv Line: 28
Info (286030): Timing-Driven Synthesis is running
Info (144001): Generated suppressed messages file C:/Users/randy/Downloads/Project/output_files/EECS3216_Project.map.smsg
Info (16010): Generating hard_block partition "hard_block:auto_generated_inst"
    Info (16011): Adding 0 node(s), including 0 DDIO, 0 PLL, 0 transceiver and 0 LCELL
Info (21057): Implemented 472 device resources after synthesis - the final resource count might be different
    Info (21058): Implemented 3 input pins
    Info (21059): Implemented 52 output pins
    Info (21061): Implemented 417 logic cells
Info: Quartus Prime Analysis & Synthesis was successful. 0 errors, 17 warnings
    Info: Peak virtual memory: 4768 megabytes
    Info: Processing ended: Wed Apr 13 15:07:58 2022
    Info: Elapsed time: 00:00:16
    Info: Total CPU time (on all processors): 00:00:28


+------------------------------------------+
; Analysis & Synthesis Suppressed Messages ;
+------------------------------------------+
The suppressed messages can be found in C:/Users/randy/Downloads/Project/output_files/EECS3216_Project.map.smsg.


